app/build/intermediates/manifest_merge_blame_file/debug/manifest-merger-blame-debug-report.txt
1<?xml version="1.0" encoding="utf-8"?>
2<manifest xmlns:android="http://schemas.android.com/apk/res/android"
3    package="com.jetpack.alarmmanagerwithnotification"
4    android:versionCode="1"
5    android:versionName="1.0" >
6
7    <uses-sdk
8        android:minSdkVersion="22"
8-->src\main\AndroidManifest.xml
9        android:targetSdkVersion="31" />
9-->src\main\AndroidManifest.xml
10
11    <uses-permission android:name="android.permission.INTERNET" />
11-->src\main\AndroidManifest.xml:4:5-67
11-->src\main\AndroidManifest.xml:4:22-64
12    <uses-permission android:name="android.permission.ACCESS_NETWORK_STATE" />
12-->src\main\AndroidManifest.xml:5:5-79
12-->src\main\AndroidManifest.xml:5:22-76
13
14    <application
14-->src\main\AndroidManifest.xml:7:5-29:19
15        android:allowBackup="true"
15-->src\main\AndroidManifest.xml:8:9-35
16        android:appComponentFactory="androidx.core.app.CoreComponentFactory"
16-->[androidx.core:core:1.7.0] AndroidManifest.xml:24:18-86
17        android:debuggable="true"
18        android:icon="@mipmap/ic_launcher"
18-->src\main\AndroidManifest.xml:9:9-43
19        android:label="@string/app_name"
19-->src\main\AndroidManifest.xml:10:9-41
20        android:roundIcon="@mipmap/ic_launcher_round"
20-->src\main\AndroidManifest.xml:11:9-54
21        android:supportsRtl="true"
21-->src\main\AndroidManifest.xml:12:9-35
22        android:testOnly="true"
23        android:theme="@style/Theme.AlarmManagerWithNotification" >
23-->src\main\AndroidManifest.xml:13:9-66
24        <activity
24-->src\main\AndroidManifest.xml:14:9-24:20
25            android:name="com.jetpack.alarmmanagerwithnotification.MainActivity"
25-->src\main\AndroidManifest.xml:15:13-41
26            android:exported="true"
26-->src\main\AndroidManifest.xml:16:13-36
27            android:label="@string/app_name"
27-->src\main\AndroidManifest.xml:17:13-45
28            android:theme="@style/Theme.AlarmManagerWithNotification.NoActionBar" >
28-->src\main\AndroidManifest.xml:18:13-82
29            <intent-filter>
29-->src\main\AndroidManifest.xml:19:13-23:29
30                <action android:name="android.intent.action.MAIN" />
30-->src\main\AndroidManifest.xml:20:17-69
30-->src\main\AndroidManifest.xml:20:25-66
31
32                <category android:name="android.intent.category.LAUNCHER" />
32-->src\main\AndroidManifest.xml:22:17-77
32-->src\main\AndroidManifest.xml:22:27-74
33            </intent-filter>
34        </activity>
35
36        <receiver
36-->src\main\AndroidManifest.xml:26:9-28:38
37            android:name="com.jetpack.alarmmanagerwithnotification.MyAlarm"
37-->src\main\AndroidManifest.xml:26:19-42
38            android:enabled="true"
38-->src\main\AndroidManifest.xml:27:13-35
39            android:exported="true" />
39-->src\main\AndroidManifest.xml:28:13-36
40
41        <activity
41-->[androidx.compose.ui:ui-tooling:1.1.1] AndroidManifest.xml:25:9-27:39
42            android:name="androidx.compose.ui.tooling.PreviewActivity"
42-->[androidx.compose.ui:ui-tooling:1.1.1] AndroidManifest.xml:26:13-71
43            android:exported="true" />
43-->[androidx.compose.ui:ui-tooling:1.1.1] AndroidManifest.xml:27:13-36
44
45        <provider
45-->[androidx.emoji2:emoji2:1.0.0] AndroidManifest.xml:26:9-34:20
46            android:name="androidx.startup.InitializationProvider"
46-->[androidx.emoji2:emoji2:1.0.0] AndroidManifest.xml:27:13-67
47            android:authorities="com.jetpack.alarmmanagerwithnotification.androidx-startup"
47-->[androidx.emoji2:emoji2:1.0.0] AndroidManifest.xml:28:13-68
48            android:exported="false" >
48-->[androidx.emoji2:emoji2:1.0.0] AndroidManifest.xml:29:13-37
49            <meta-data
49-->[androidx.emoji2:emoji2:1.0.0] AndroidManifest.xml:31:13-33:52
50                android:name="androidx.emoji2.text.EmojiCompatInitializer"
50-->[androidx.emoji2:emoji2:1.0.0] AndroidManifest.xml:32:17-75
51                android:value="androidx.startup" />
51-->[androidx.emoji2:emoji2:1.0.0] AndroidManifest.xml:33:17-49
52            <meta-data
52-->[androidx.profileinstaller:profileinstaller:1.1.0] AndroidManifest.xml:31:13-33:52
53                android:name="androidx.profileinstaller.ProfileInstallerInitializer"
53-->[androidx.profileinstaller:profileinstaller:1.1.0] AndroidManifest.xml:32:17-85
54                android:value="androidx.startup" />
54-->[androidx.profileinstaller:profileinstaller:1.1.0] AndroidManifest.xml:33:17-49
55            <meta-data
55-->[androidx.lifecycle:lifecycle-process:2.4.0] AndroidManifest.xml:31:13-33:52
56                android:name="androidx.lifecycle.ProcessLifecycleInitializer"
56-->[androidx.lifecycle:lifecycle-process:2.4.0] AndroidManifest.xml:32:17-78
57                android:value="androidx.startup" />
57-->[androidx.lifecycle:lifecycle-process:2.4.0] AndroidManifest.xml:33:17-49
58        </provider>
59
60        <receiver
60-->[androidx.profileinstaller:profileinstaller:1.1.0] AndroidManifest.xml:36:9-45:20
61            android:name="androidx.profileinstaller.ProfileInstallReceiver"
61-->[androidx.profileinstaller:profileinstaller:1.1.0] AndroidManifest.xml:37:13-76
62            android:directBootAware="false"
62-->[androidx.profileinstaller:profileinstaller:1.1.0] AndroidManifest.xml:38:13-44
63            android:enabled="true"
63-->[androidx.profileinstaller:profileinstaller:1.1.0] AndroidManifest.xml:39:13-35
64            android:exported="true"
64-->[androidx.profileinstaller:profileinstaller:1.1.0] AndroidManifest.xml:40:13-36
65            android:permission="android.permission.DUMP" >
65-->[androidx.profileinstaller:profileinstaller:1.1.0] AndroidManifest.xml:41:13-57
66            <intent-filter>
66-->[androidx.profileinstaller:profileinstaller:1.1.0] AndroidManifest.xml:42:13-44:29
67                <action android:name="androidx.profileinstaller.action.INSTALL_PROFILE" />
67-->[androidx.profileinstaller:profileinstaller:1.1.0] AndroidManifest.xml:43:17-91
67-->[androidx.profileinstaller:profileinstaller:1.1.0] AndroidManifest.xml:43:25-88
68            </intent-filter>
69        </receiver>
70    </application>
71
72</manifest>